<?xml version="1.0" encoding="UTF-8"?>
<!-- Generated by org.testng.reporters.JUnitXMLReporter -->
<testsuite hostname="HDC-ITADM3152" name="ChangePassword" tests="20" failures="0" timestamp="14 Jul 2019 19:13:47 GMT" time="0.065" errors="0">
  <testcase name="TC01CheckSpecialCharacterRange" time="0.005" classname="changePasswordTests.TestValidScenarios"/>
  <testcase name="TC02CheckSpecialCharacterCount" time="0.001" classname="changePasswordTests.TestValidScenarios"/>
  <testcase name="TC03DuplicateCharactersInRange" time="0.0" classname="changePasswordTests.TestValidScenarios"/>
  <testcase name="TC04NumberOfDigitsInRange" time="0.001" classname="changePasswordTests.TestValidScenarios"/>
  <testcase name="TC05AllValidCriteria" time="0.002" classname="changePasswordTests.TestValidScenarios"/>
  <testcase name="TC06LessThanMinChar" time="0.0" classname="changePasswordTests.TestInvalidScenarios"/>
  <testcase name="TC07SpecialCharOutOfAllowedRange" time="0.001" classname="changePasswordTests.TestInvalidScenarios"/>
  <testcase name="TC08AllCaptialLetters" time="0.001" classname="changePasswordTests.TestInvalidScenarios"/>
  <testcase name="TC09AllLowerCaseLetters" time="0.001" classname="changePasswordTests.TestInvalidScenarios"/>
  <testcase name="TC10SpecialCharsBeyondMaxRange" time="0.001" classname="changePasswordTests.TestInvalidScenarios"/>
  <testcase name="TC11DigitsBeyondMaxCount" time="0.003" classname="changePasswordTests.TestInvalidScenarios"/>
  <testcase name="TC12DuplicatesBeyondMaxCount" time="0.001" classname="changePasswordTests.TestInvalidScenarios"/>
  <testcase name="TC13NoNumbers" time="0.001" classname="changePasswordTests.TestInvalidScenarios"/>
  <testcase name="TC14NoAlphabets" time="0.0" classname="changePasswordTests.TestInvalidScenarios"/>
  <testcase name="TC15NoSpecialCharacters" time="0.0" classname="changePasswordTests.TestInvalidScenarios"/>
  <testcase name="TC16OldPasswordNotMatched" time="0.0" classname="changePasswordTests.TestInvalidScenarios"/>
  <testcase name="TC17TestLessThan80PSimilarity" time="0.0" classname="changePasswordTests.TestPasswordSimilarity"/>
  <testcase name="TC18Test80PSimilarity" time="0.001" classname="changePasswordTests.TestPasswordSimilarity"/>
  <testcase name="TC19TestMoreThan80PSimilarity" time="0.001" classname="changePasswordTests.TestPasswordSimilarity"/>
  <testcase name="TC20NewPasswordNull" time="0.001" classname="changePasswordTests.TestPasswordSimilarity"/>
</testsuite> <!-- ChangePassword -->
