<?xml version="1.0" encoding="UTF-8"?>
<testng-results skipped="0" failed="0" total="1" passed="1">
  <reporter-output>
  </reporter-output>
  <suite name="Agoda Change Password Test Suite" duration-ms="58" started-at="2019-07-13T10:39:16Z" finished-at="2019-07-13T10:39:16Z">
    <groups>
    </groups>
    <test name="ChangePassword" duration-ms="58" started-at="2019-07-13T10:39:16Z" finished-at="2019-07-13T10:39:16Z">
      <class name="changePasswordTests.TestChangePassword">
        <test-method status="PASS" signature="setupTest()[pri:0, instance:changePasswordTests.TestChangePassword@7f560810]" name="setupTest" is-config="true" duration-ms="22" started-at="2019-07-13T16:09:16Z" finished-at="2019-07-13T16:09:16Z">
          <reporter-output>
          </reporter-output>
        </test-method> <!-- setupTest -->
        <test-method status="PASS" signature="TC01CheckValidPassword()[pri:0, instance:changePasswordTests.TestChangePassword@7f560810]" name="TC01CheckValidPassword" duration-ms="15" started-at="2019-07-13T16:09:16Z" finished-at="2019-07-13T16:09:16Z">
          <reporter-output>
          </reporter-output>
        </test-method> <!-- TC01CheckValidPassword -->
      </class> <!-- changePasswordTests.TestChangePassword -->
    </test> <!-- ChangePassword -->
  </suite> <!-- Agoda Change Password Test Suite -->
</testng-results>
