<?xml version="1.0" encoding="UTF-8"?>
<testng-results skipped="0" failed="0" total="1" passed="1">
  <reporter-output>
  </reporter-output>
  <suite name="changePasswordTests.TestChangePassword" duration-ms="20" started-at="2019-07-12T06:42:36Z" finished-at="2019-07-12T06:42:36Z">
    <groups>
    </groups>
    <test name="Command line test" duration-ms="20" started-at="2019-07-12T06:42:36Z" finished-at="2019-07-12T06:42:36Z">
      <class name="changePasswordTests.TestChangePassword">
        <test-method status="PASS" signature="TC01CheckValidPassword()[pri:0, instance:changePasswordTests.TestChangePassword@35bbe5e8]" name="TC01CheckValidPassword" duration-ms="7" started-at="2019-07-12T12:12:36Z" finished-at="2019-07-12T12:12:36Z">
          <reporter-output>
          </reporter-output>
        </test-method> <!-- TC01CheckValidPassword -->
      </class> <!-- changePasswordTests.TestChangePassword -->
    </test> <!-- Command line test -->
  </suite> <!-- changePasswordTests.TestChangePassword -->
</testng-results>
